2020-03-22 07:48:14,199 INFO  [org.jboss.modules] (main) JBoss Modules version 1.9.1.Final
2020-03-22 07:48:14,799 INFO  [org.jboss.msc] (main) JBoss MSC version 1.4.11.Final
2020-03-22 07:48:14,815 INFO  [org.jboss.threads] (main) JBoss Threads version 2.3.3.Final
2020-03-22 07:48:14,978 INFO  [org.jboss.as] (MSC service thread 1-2) WFLYSRV0049: Keycloak 9.0.0 (WildFly Core 10.0.3.Final) starting
2020-03-22 07:48:14,980 DEBUG [org.jboss.as.config] (MSC service thread 1-2) Configured system properties:
	[Standalone] = 
	awt.toolkit = sun.awt.X11.XToolkit
	file.encoding = UTF-8
	file.encoding.pkg = sun.io
	file.separator = /
	java.awt.graphicsenv = sun.awt.X11GraphicsEnvironment
	java.awt.headless = true
	java.awt.printerjob = sun.print.PSPrinterJob
	java.class.path = /home/jeannory/repos/keycloak-3-youssfi/server/keycloak-9.0.0/jboss-modules.jar
	java.class.version = 52.0
	java.endorsed.dirs = /usr/java/jdk1.8.0_181/jre/lib/endorsed
	java.ext.dirs = /usr/java/jdk1.8.0_181/jre/lib/ext:/usr/java/packages/lib/ext
	java.home = /usr/java/jdk1.8.0_181/jre
	java.io.tmpdir = /tmp
	java.library.path = /usr/java/packages/lib/amd64:/usr/lib64:/lib64:/lib:/usr/lib
	java.net.preferIPv4Stack = true
	java.runtime.name = Java(TM) SE Runtime Environment
	java.runtime.version = 1.8.0_181-b13
	java.specification.name = Java Platform API Specification
	java.specification.vendor = Oracle Corporation
	java.specification.version = 1.8
	java.util.logging.manager = org.jboss.logmanager.LogManager
	java.vendor = Oracle Corporation
	java.vendor.url = http://java.oracle.com/
	java.vendor.url.bug = http://bugreport.sun.com/bugreport/
	java.version = 1.8.0_181
	java.vm.info = mixed mode
	java.vm.name = Java HotSpot(TM) 64-Bit Server VM
	java.vm.specification.name = Java Virtual Machine Specification
	java.vm.specification.vendor = Oracle Corporation
	java.vm.specification.version = 1.8
	java.vm.vendor = Oracle Corporation
	java.vm.version = 25.181-b13
	javax.management.builder.initial = org.jboss.as.jmx.PluggableMBeanServerBuilder
	jboss.home.dir = /home/jeannory/repos/keycloak-3-youssfi/server/keycloak-9.0.0
	jboss.host.name = jeannory-hp-elitebook-840-g1
	jboss.modules.dir = /home/jeannory/repos/keycloak-3-youssfi/server/keycloak-9.0.0/modules
	jboss.modules.system.pkgs = org.jboss.byteman
	jboss.node.name = jeannory-hp-elitebook-840-g1
	jboss.qualified.host.name = jeannory-hp-elitebook-840-g1
	jboss.server.base.dir = /home/jeannory/repos/keycloak-3-youssfi/server/keycloak-9.0.0/standalone
	jboss.server.config.dir = /home/jeannory/repos/keycloak-3-youssfi/server/keycloak-9.0.0/standalone/configuration
	jboss.server.data.dir = /home/jeannory/repos/keycloak-3-youssfi/server/keycloak-9.0.0/standalone/data
	jboss.server.deploy.dir = /home/jeannory/repos/keycloak-3-youssfi/server/keycloak-9.0.0/standalone/data/content
	jboss.server.log.dir = /home/jeannory/repos/keycloak-3-youssfi/server/keycloak-9.0.0/standalone/log
	jboss.server.name = jeannory-hp-elitebook-840-g1
	jboss.server.persist.config = true
	jboss.server.temp.dir = /home/jeannory/repos/keycloak-3-youssfi/server/keycloak-9.0.0/standalone/tmp
	line.separator = 

	logging.configuration = file:/home/jeannory/repos/keycloak-3-youssfi/server/keycloak-9.0.0/standalone/configuration/logging.properties
	module.path = /home/jeannory/repos/keycloak-3-youssfi/server/keycloak-9.0.0/modules
	org.jboss.boot.log.file = /home/jeannory/repos/keycloak-3-youssfi/server/keycloak-9.0.0/standalone/log/server.log
	org.jboss.resolver.warning = true
	os.arch = amd64
	os.name = Linux
	os.version = 4.15.0-54-generic
	path.separator = :
	sun.arch.data.model = 64
	sun.boot.class.path = /usr/java/jdk1.8.0_181/jre/lib/resources.jar:/usr/java/jdk1.8.0_181/jre/lib/rt.jar:/usr/java/jdk1.8.0_181/jre/lib/sunrsasign.jar:/usr/java/jdk1.8.0_181/jre/lib/jsse.jar:/usr/java/jdk1.8.0_181/jre/lib/jce.jar:/usr/java/jdk1.8.0_181/jre/lib/charsets.jar:/usr/java/jdk1.8.0_181/jre/lib/jfr.jar:/usr/java/jdk1.8.0_181/jre/classes
	sun.boot.library.path = /usr/java/jdk1.8.0_181/jre/lib/amd64
	sun.cpu.endian = little
	sun.cpu.isalist = 
	sun.io.unicode.encoding = UnicodeLittle
	sun.java.command = /home/jeannory/repos/keycloak-3-youssfi/server/keycloak-9.0.0/jboss-modules.jar -mp /home/jeannory/repos/keycloak-3-youssfi/server/keycloak-9.0.0/modules org.jboss.as.standalone -Djboss.home.dir=/home/jeannory/repos/keycloak-3-youssfi/server/keycloak-9.0.0 -Djboss.server.base.dir=/home/jeannory/repos/keycloak-3-youssfi/server/keycloak-9.0.0/standalone
	sun.java.launcher = SUN_STANDARD
	sun.jnu.encoding = UTF-8
	sun.management.compiler = HotSpot 64-Bit Tiered Compilers
	sun.os.patch.level = unknown
	user.country = FR
	user.dir = /home/jeannory/repos/keycloak-3-youssfi/server/keycloak-9.0.0/bin
	user.home = /home/jeannory
	user.language = fr
	user.name = jeannory
	user.timezone = Europe/Paris
2020-03-22 07:48:14,981 DEBUG [org.jboss.as.config] (MSC service thread 1-2) VM Arguments: -D[Standalone] -Xms64m -Xmx512m -XX:MetaspaceSize=96M -XX:MaxMetaspaceSize=256m -Djava.net.preferIPv4Stack=true -Djboss.modules.system.pkgs=org.jboss.byteman -Djava.awt.headless=true -Dorg.jboss.boot.log.file=/home/jeannory/repos/keycloak-3-youssfi/server/keycloak-9.0.0/standalone/log/server.log -Dlogging.configuration=file:/home/jeannory/repos/keycloak-3-youssfi/server/keycloak-9.0.0/standalone/configuration/logging.properties 
2020-03-22 07:48:16,090 INFO  [org.wildfly.security] (ServerService Thread Pool -- 18) ELY00001: WildFly Elytron version 1.10.4.Final
2020-03-22 07:48:16,969 INFO  [org.jboss.as.controller.management-deprecated] (Controller Boot Thread) WFLYCTL0028: Attribute 'security-realm' in the resource at address '/core-service=management/management-interface=http-interface' is deprecated, and may be removed in a future version. See the attribute description in the output of the read-resource-description operation to learn more about the deprecation.
2020-03-22 07:48:17,016 INFO  [org.jboss.as.controller.management-deprecated] (ServerService Thread Pool -- 27) WFLYCTL0028: Attribute 'security-realm' in the resource at address '/subsystem=undertow/server=default-server/https-listener=https' is deprecated, and may be removed in a future version. See the attribute description in the output of the read-resource-description operation to learn more about the deprecation.
2020-03-22 07:48:17,169 INFO  [org.jboss.as.server] (Controller Boot Thread) WFLYSRV0039: Creating http management service using socket-binding (management-http)
2020-03-22 07:48:17,194 INFO  [org.xnio] (MSC service thread 1-8) XNIO version 3.7.3.Final
2020-03-22 07:48:17,220 INFO  [org.xnio.nio] (MSC service thread 1-8) XNIO NIO Implementation Version 3.7.3.Final
2020-03-22 07:48:17,284 INFO  [org.jboss.as.connector.subsystems.datasources] (ServerService Thread Pool -- 32) WFLYJCA0004: Deploying JDBC-compliant driver class org.h2.Driver (version 1.4)
2020-03-22 07:48:17,290 INFO  [org.jboss.as.clustering.infinispan] (ServerService Thread Pool -- 37) WFLYCLINF0001: Activating Infinispan subsystem.
2020-03-22 07:48:17,302 INFO  [org.wildfly.extension.io] (ServerService Thread Pool -- 36) WFLYIO001: Worker 'default' has auto-configured to 8 core threads with 64 task threads based on your 4 available processors
2020-03-22 07:48:17,340 INFO  [org.jboss.as.naming] (ServerService Thread Pool -- 43) WFLYNAM0001: Activating Naming Subsystem
2020-03-22 07:48:17,354 INFO  [org.jboss.as.jaxrs] (ServerService Thread Pool -- 38) WFLYRS0016: RESTEasy version 3.9.1.Final
2020-03-22 07:48:17,365 WARN  [org.jboss.as.txn] (ServerService Thread Pool -- 49) WFLYTX0013: The node-identifier attribute on the /subsystem=transactions is set to the default value. This is a danger for environments running multiple servers. Please make sure the attribute value is unique.
2020-03-22 07:48:17,388 INFO  [org.wildfly.extension.microprofile.config.smallrye._private] (ServerService Thread Pool -- 51) WFLYCONF0001: Activating WildFly MicroProfile Config Subsystem
2020-03-22 07:48:17,395 INFO  [org.jboss.as.connector.deployers.jdbc] (MSC service thread 1-2) WFLYJCA0018: Started Driver service with driver-name = h2
2020-03-22 07:48:17,395 INFO  [org.jboss.as.connector] (MSC service thread 1-1) WFLYJCA0009: Starting JCA Subsystem (WildFly/IronJacamar 1.4.17.Final)
2020-03-22 07:48:17,428 INFO  [org.wildfly.extension.microprofile.health.smallrye] (ServerService Thread Pool -- 52) WFLYHEALTH0001: Activating Eclipse MicroProfile Health Subsystem
2020-03-22 07:48:17,445 INFO  [org.jboss.as.security] (ServerService Thread Pool -- 48) WFLYSEC0002: Activating Security Subsystem
2020-03-22 07:48:17,448 INFO  [org.jboss.as.security] (MSC service thread 1-6) WFLYSEC0001: Current PicketBox version=5.0.3.Final
2020-03-22 07:48:17,478 INFO  [org.jboss.as.naming] (MSC service thread 1-4) WFLYNAM0003: Starting Naming Service
2020-03-22 07:48:17,479 INFO  [org.jboss.as.mail.extension] (MSC service thread 1-1) WFLYMAIL0001: Bound mail session [java:jboss/mail/Default]
2020-03-22 07:48:17,497 INFO  [org.jboss.remoting] (MSC service thread 1-2) JBoss Remoting version 5.0.15.Final
2020-03-22 07:48:17,499 INFO  [org.wildfly.extension.undertow] (MSC service thread 1-8) WFLYUT0003: Undertow 2.0.27.Final starting
2020-03-22 07:48:17,508 INFO  [org.wildfly.extension.microprofile.metrics.smallrye] (ServerService Thread Pool -- 53) WFLYMETRICS0001: Activating Eclipse MicroProfile Metrics Subsystem
2020-03-22 07:48:17,621 WARN  [org.wildfly.clustering.web.undertow] (ServerService Thread Pool -- 54) WFLYCLWEBUT0007: No routing provider found for default-server; using legacy provider based on static configuration
2020-03-22 07:48:18,334 INFO  [org.wildfly.extension.undertow] (ServerService Thread Pool -- 54) WFLYUT0014: Creating file handler for path '/home/jeannory/repos/keycloak-3-youssfi/server/keycloak-9.0.0/welcome-content' with options [directory-listing: 'false', follow-symlink: 'false', case-sensitive: 'true', safe-symlink-paths: '[]']
2020-03-22 07:48:18,351 INFO  [org.jboss.as.ejb3] (MSC service thread 1-6) WFLYEJB0481: Strict pool slsb-strict-max-pool is using a max instance size of 64 (per class), which is derived from thread worker pool sizing.
2020-03-22 07:48:18,331 INFO  [org.jboss.as.ejb3] (MSC service thread 1-3) WFLYEJB0482: Strict pool mdb-strict-max-pool is using a max instance size of 16 (per class), which is derived from the number of CPUs on this host.
2020-03-22 07:48:18,445 INFO  [org.wildfly.extension.undertow] (MSC service thread 1-5) WFLYUT0012: Started server default-server.
2020-03-22 07:48:18,459 INFO  [org.wildfly.extension.undertow] (MSC service thread 1-8) WFLYUT0018: Host default-host starting
2020-03-22 07:48:18,621 INFO  [org.wildfly.extension.undertow] (MSC service thread 1-3) WFLYUT0006: Undertow HTTP listener default listening on 127.0.0.1:8080
2020-03-22 07:48:18,841 INFO  [org.jboss.as.ejb3] (MSC service thread 1-7) WFLYEJB0493: EJB subsystem suspension complete
2020-03-22 07:48:19,021 INFO  [org.jboss.as.patching] (MSC service thread 1-8) WFLYPAT0050: Keycloak cumulative patch ID is: base, one-off patches include: none
2020-03-22 07:48:19,080 INFO  [org.jboss.as.connector.subsystems.datasources] (MSC service thread 1-5) WFLYJCA0001: Bound data source [java:jboss/datasources/ExampleDS]
2020-03-22 07:48:19,081 INFO  [org.jboss.as.connector.subsystems.datasources] (MSC service thread 1-8) WFLYJCA0001: Bound data source [java:jboss/datasources/KeycloakDS]
2020-03-22 07:48:19,139 WARN  [org.jboss.as.domain.management.security] (MSC service thread 1-3) WFLYDM0111: Keystore /home/jeannory/repos/keycloak-3-youssfi/server/keycloak-9.0.0/standalone/configuration/application.keystore not found, it will be auto generated on first use with a self signed certificate for host localhost
2020-03-22 07:48:19,162 INFO  [org.jboss.as.server.deployment.scanner] (MSC service thread 1-1) WFLYDS0013: Started FileSystemDeploymentService for directory /home/jeannory/repos/keycloak-3-youssfi/server/keycloak-9.0.0/standalone/deployments
2020-03-22 07:48:19,173 INFO  [org.jboss.as.server.deployment] (MSC service thread 1-7) WFLYSRV0027: Starting deployment of "keycloak-server.war" (runtime-name: "keycloak-server.war")
2020-03-22 07:48:19,680 INFO  [org.wildfly.extension.undertow] (MSC service thread 1-4) WFLYUT0006: Undertow HTTPS listener https listening on 127.0.0.1:8443
2020-03-22 07:48:20,689 INFO  [org.infinispan.factories.GlobalComponentRegistry] (MSC service thread 1-8) ISPN000128: Infinispan version: Infinispan 'Infinity Minus ONE +2' 9.4.16.Final
2020-03-22 07:48:21,228 INFO  [org.jboss.as.clustering.infinispan] (ServerService Thread Pool -- 65) WFLYCLINF0002: Started work cache from keycloak container
2020-03-22 07:48:21,233 INFO  [org.jboss.as.clustering.infinispan] (ServerService Thread Pool -- 64) WFLYCLINF0002: Started actionTokens cache from keycloak container
2020-03-22 07:48:21,233 INFO  [org.jboss.as.clustering.infinispan] (ServerService Thread Pool -- 66) WFLYCLINF0002: Started offlineSessions cache from keycloak container
2020-03-22 07:48:21,233 INFO  [org.jboss.as.clustering.infinispan] (ServerService Thread Pool -- 56) WFLYCLINF0002: Started sessions cache from keycloak container
2020-03-22 07:48:21,234 INFO  [org.jboss.as.clustering.infinispan] (ServerService Thread Pool -- 59) WFLYCLINF0002: Started offlineClientSessions cache from keycloak container
2020-03-22 07:48:21,233 INFO  [org.jboss.as.clustering.infinispan] (ServerService Thread Pool -- 57) WFLYCLINF0002: Started authenticationSessions cache from keycloak container
2020-03-22 07:48:21,233 INFO  [org.jboss.as.clustering.infinispan] (ServerService Thread Pool -- 63) WFLYCLINF0002: Started loginFailures cache from keycloak container
2020-03-22 07:48:21,234 INFO  [org.jboss.as.clustering.infinispan] (ServerService Thread Pool -- 60) WFLYCLINF0002: Started keys cache from keycloak container
2020-03-22 07:48:21,235 INFO  [org.jboss.as.clustering.infinispan] (ServerService Thread Pool -- 67) WFLYCLINF0002: Started authorization cache from keycloak container
2020-03-22 07:48:21,235 INFO  [org.jboss.as.clustering.infinispan] (ServerService Thread Pool -- 58) WFLYCLINF0002: Started realms cache from keycloak container
2020-03-22 07:48:21,235 INFO  [org.jboss.as.clustering.infinispan] (ServerService Thread Pool -- 61) WFLYCLINF0002: Started users cache from keycloak container
2020-03-22 07:48:21,237 INFO  [org.jboss.as.clustering.infinispan] (ServerService Thread Pool -- 62) WFLYCLINF0002: Started clientSessions cache from keycloak container
2020-03-22 07:48:21,541 INFO  [org.jboss.as.clustering.infinispan] (ServerService Thread Pool -- 68) WFLYCLINF0002: Started client-mappings cache from ejb container
2020-03-22 07:48:21,594 WARN  [org.jboss.as.server.deployment] (MSC service thread 1-4) WFLYSRV0273: Excluded subsystem webservices via jboss-deployment-structure.xml does not exist.
2020-03-22 07:48:22,513 INFO  [org.keycloak.services] (ServerService Thread Pool -- 62) KC-SERVICES0001: Loading config from standalone.xml or domain.xml
2020-03-22 07:48:22,937 INFO  [org.keycloak.url.DefaultHostnameProviderFactory] (ServerService Thread Pool -- 62) Frontend: <request>, Admin: <frontend>, Backend: <request>
2020-03-22 07:48:23,147 INFO  [org.jboss.as.clustering.infinispan] (ServerService Thread Pool -- 62) WFLYCLINF0002: Started realmRevisions cache from keycloak container
2020-03-22 07:48:23,155 INFO  [org.jboss.as.clustering.infinispan] (ServerService Thread Pool -- 62) WFLYCLINF0002: Started userRevisions cache from keycloak container
2020-03-22 07:48:23,167 INFO  [org.jboss.as.clustering.infinispan] (ServerService Thread Pool -- 62) WFLYCLINF0002: Started authorizationRevisions cache from keycloak container
2020-03-22 07:48:23,169 INFO  [org.keycloak.connections.infinispan.DefaultInfinispanConnectionProviderFactory] (ServerService Thread Pool -- 62) Node name: jeannory-hp-elitebook-840-g1, Site name: null
2020-03-22 07:48:37,260 INFO  [org.hibernate.jpa.internal.util.LogHelper] (ServerService Thread Pool -- 62) HHH000204: Processing PersistenceUnitInfo [
	name: keycloak-default
	...]
2020-03-22 07:48:37,367 INFO  [org.hibernate.Version] (ServerService Thread Pool -- 62) HHH000412: Hibernate Core {5.3.13.Final}
2020-03-22 07:48:37,369 INFO  [org.hibernate.cfg.Environment] (ServerService Thread Pool -- 62) HHH000206: hibernate.properties not found
2020-03-22 07:48:37,589 INFO  [org.hibernate.annotations.common.Version] (ServerService Thread Pool -- 62) HCANN000001: Hibernate Commons Annotations {5.0.5.Final}
2020-03-22 07:48:37,807 INFO  [org.hibernate.dialect.Dialect] (ServerService Thread Pool -- 62) HHH000400: Using dialect: org.hibernate.dialect.H2Dialect
2020-03-22 07:48:37,816 WARN  [org.hibernate.dialect.H2Dialect] (ServerService Thread Pool -- 62) HHH000431: Unable to determine H2 database version, certain features may not work
2020-03-22 07:48:37,875 INFO  [org.hibernate.envers.boot.internal.EnversServiceImpl] (ServerService Thread Pool -- 62) Envers integration enabled? : true
2020-03-22 07:48:38,507 INFO  [org.hibernate.orm.beans] (ServerService Thread Pool -- 62) HHH10005002: No explicit CDI BeanManager reference was passed to Hibernate, but CDI is available on the Hibernate ClassLoader.
2020-03-22 07:48:38,588 INFO  [org.hibernate.validator.internal.util.Version] (ServerService Thread Pool -- 62) HV000001: Hibernate Validator 6.0.18.Final
2020-03-22 07:48:40,175 INFO  [org.hibernate.hql.internal.QueryTranslatorFactoryInitiator] (ServerService Thread Pool -- 62) HHH000397: Using ASTQueryTranslatorFactory
2020-03-22 07:48:41,185 INFO  [org.jboss.resteasy.resteasy_jaxrs.i18n] (ServerService Thread Pool -- 62) RESTEASY002225: Deploying javax.ws.rs.core.Application: class org.keycloak.services.resources.KeycloakApplication
2020-03-22 07:48:41,186 INFO  [org.jboss.resteasy.resteasy_jaxrs.i18n] (ServerService Thread Pool -- 62) RESTEASY002205: Adding provider class org.keycloak.services.error.KeycloakErrorHandler from Application class org.keycloak.services.resources.KeycloakApplication
2020-03-22 07:48:41,187 INFO  [org.jboss.resteasy.resteasy_jaxrs.i18n] (ServerService Thread Pool -- 62) RESTEASY002200: Adding class resource org.keycloak.services.resources.ThemeResource from Application class org.keycloak.services.resources.KeycloakApplication
2020-03-22 07:48:41,188 INFO  [org.jboss.resteasy.resteasy_jaxrs.i18n] (ServerService Thread Pool -- 62) RESTEASY002205: Adding provider class org.keycloak.services.filters.KeycloakTransactionCommitter from Application class org.keycloak.services.resources.KeycloakApplication
2020-03-22 07:48:41,188 INFO  [org.jboss.resteasy.resteasy_jaxrs.i18n] (ServerService Thread Pool -- 62) RESTEASY002200: Adding class resource org.keycloak.services.resources.JsResource from Application class org.keycloak.services.resources.KeycloakApplication
2020-03-22 07:48:41,188 INFO  [org.jboss.resteasy.resteasy_jaxrs.i18n] (ServerService Thread Pool -- 62) RESTEASY002220: Adding singleton resource org.keycloak.services.resources.admin.AdminRoot from Application class org.keycloak.services.resources.KeycloakApplication
2020-03-22 07:48:41,188 INFO  [org.jboss.resteasy.resteasy_jaxrs.i18n] (ServerService Thread Pool -- 62) RESTEASY002210: Adding provider singleton org.keycloak.services.util.ObjectMapperResolver from Application class org.keycloak.services.resources.KeycloakApplication
2020-03-22 07:48:41,188 INFO  [org.jboss.resteasy.resteasy_jaxrs.i18n] (ServerService Thread Pool -- 62) RESTEASY002220: Adding singleton resource org.keycloak.services.resources.WelcomeResource from Application class org.keycloak.services.resources.KeycloakApplication
2020-03-22 07:48:41,189 INFO  [org.jboss.resteasy.resteasy_jaxrs.i18n] (ServerService Thread Pool -- 62) RESTEASY002220: Adding singleton resource org.keycloak.services.resources.RobotsResource from Application class org.keycloak.services.resources.KeycloakApplication
2020-03-22 07:48:41,189 INFO  [org.jboss.resteasy.resteasy_jaxrs.i18n] (ServerService Thread Pool -- 62) RESTEASY002220: Adding singleton resource org.keycloak.services.resources.RealmsResource from Application class org.keycloak.services.resources.KeycloakApplication
2020-03-22 07:48:41,295 INFO  [org.wildfly.extension.undertow] (ServerService Thread Pool -- 62) WFLYUT0021: Registered web context: '/auth' for server 'default-server'
2020-03-22 07:48:41,408 INFO  [org.jboss.as.server] (ServerService Thread Pool -- 55) WFLYSRV0010: Deployed "keycloak-server.war" (runtime-name : "keycloak-server.war")
2020-03-22 07:48:41,475 INFO  [org.jboss.as.server] (Controller Boot Thread) WFLYSRV0212: Resuming server
2020-03-22 07:48:41,479 INFO  [org.jboss.as] (Controller Boot Thread) WFLYSRV0060: Http management interface listening on http://127.0.0.1:9990/management
2020-03-22 07:48:41,479 INFO  [org.jboss.as] (Controller Boot Thread) WFLYSRV0051: Admin console listening on http://127.0.0.1:9990
2020-03-22 07:48:41,479 INFO  [org.jboss.as] (Controller Boot Thread) WFLYSRV0025: Keycloak 9.0.0 (WildFly Core 10.0.3.Final) started in 27836ms - Started 590 of 885 services (601 services are lazy, passive or on-demand)
2020-03-22 08:15:16,433 INFO  [org.jboss.modules] (main) JBoss Modules version 1.9.1.Final
2020-03-22 08:15:17,103 INFO  [org.jboss.msc] (main) JBoss MSC version 1.4.11.Final
2020-03-22 08:15:17,118 INFO  [org.jboss.threads] (main) JBoss Threads version 2.3.3.Final
2020-03-22 08:15:17,280 INFO  [org.jboss.as] (MSC service thread 1-2) WFLYSRV0049: Keycloak 9.0.0 (WildFly Core 10.0.3.Final) starting
2020-03-22 08:15:17,282 DEBUG [org.jboss.as.config] (MSC service thread 1-2) Configured system properties:
	[Standalone] = 
	awt.toolkit = sun.awt.X11.XToolkit
	file.encoding = UTF-8
	file.encoding.pkg = sun.io
	file.separator = /
	java.awt.graphicsenv = sun.awt.X11GraphicsEnvironment
	java.awt.headless = true
	java.awt.printerjob = sun.print.PSPrinterJob
	java.class.path = /home/jeannory/repos/keycloak-3-youssfi/server/keycloak-9.0.0/jboss-modules.jar
	java.class.version = 52.0
	java.endorsed.dirs = /usr/java/jdk1.8.0_181/jre/lib/endorsed
	java.ext.dirs = /usr/java/jdk1.8.0_181/jre/lib/ext:/usr/java/packages/lib/ext
	java.home = /usr/java/jdk1.8.0_181/jre
	java.io.tmpdir = /tmp
	java.library.path = /usr/java/packages/lib/amd64:/usr/lib64:/lib64:/lib:/usr/lib
	java.net.preferIPv4Stack = true
	java.runtime.name = Java(TM) SE Runtime Environment
	java.runtime.version = 1.8.0_181-b13
	java.specification.name = Java Platform API Specification
	java.specification.vendor = Oracle Corporation
	java.specification.version = 1.8
	java.util.logging.manager = org.jboss.logmanager.LogManager
	java.vendor = Oracle Corporation
	java.vendor.url = http://java.oracle.com/
	java.vendor.url.bug = http://bugreport.sun.com/bugreport/
	java.version = 1.8.0_181
	java.vm.info = mixed mode
	java.vm.name = Java HotSpot(TM) 64-Bit Server VM
	java.vm.specification.name = Java Virtual Machine Specification
	java.vm.specification.vendor = Oracle Corporation
	java.vm.specification.version = 1.8
	java.vm.vendor = Oracle Corporation
	java.vm.version = 25.181-b13
	javax.management.builder.initial = org.jboss.as.jmx.PluggableMBeanServerBuilder
	jboss.home.dir = /home/jeannory/repos/keycloak-3-youssfi/server/keycloak-9.0.0
	jboss.host.name = jeannory-hp-elitebook-840-g1
	jboss.modules.dir = /home/jeannory/repos/keycloak-3-youssfi/server/keycloak-9.0.0/modules
	jboss.modules.system.pkgs = org.jboss.byteman
	jboss.node.name = jeannory-hp-elitebook-840-g1
	jboss.qualified.host.name = jeannory-hp-elitebook-840-g1
	jboss.server.base.dir = /home/jeannory/repos/keycloak-3-youssfi/server/keycloak-9.0.0/standalone
	jboss.server.config.dir = /home/jeannory/repos/keycloak-3-youssfi/server/keycloak-9.0.0/standalone/configuration
	jboss.server.data.dir = /home/jeannory/repos/keycloak-3-youssfi/server/keycloak-9.0.0/standalone/data
	jboss.server.deploy.dir = /home/jeannory/repos/keycloak-3-youssfi/server/keycloak-9.0.0/standalone/data/content
	jboss.server.log.dir = /home/jeannory/repos/keycloak-3-youssfi/server/keycloak-9.0.0/standalone/log
	jboss.server.name = jeannory-hp-elitebook-840-g1
	jboss.server.persist.config = true
	jboss.server.temp.dir = /home/jeannory/repos/keycloak-3-youssfi/server/keycloak-9.0.0/standalone/tmp
	line.separator = 

	logging.configuration = file:/home/jeannory/repos/keycloak-3-youssfi/server/keycloak-9.0.0/standalone/configuration/logging.properties
	module.path = /home/jeannory/repos/keycloak-3-youssfi/server/keycloak-9.0.0/modules
	org.jboss.boot.log.file = /home/jeannory/repos/keycloak-3-youssfi/server/keycloak-9.0.0/standalone/log/server.log
	org.jboss.resolver.warning = true
	os.arch = amd64
	os.name = Linux
	os.version = 4.15.0-54-generic
	path.separator = :
	sun.arch.data.model = 64
	sun.boot.class.path = /usr/java/jdk1.8.0_181/jre/lib/resources.jar:/usr/java/jdk1.8.0_181/jre/lib/rt.jar:/usr/java/jdk1.8.0_181/jre/lib/sunrsasign.jar:/usr/java/jdk1.8.0_181/jre/lib/jsse.jar:/usr/java/jdk1.8.0_181/jre/lib/jce.jar:/usr/java/jdk1.8.0_181/jre/lib/charsets.jar:/usr/java/jdk1.8.0_181/jre/lib/jfr.jar:/usr/java/jdk1.8.0_181/jre/classes
	sun.boot.library.path = /usr/java/jdk1.8.0_181/jre/lib/amd64
	sun.cpu.endian = little
	sun.cpu.isalist = 
	sun.io.unicode.encoding = UnicodeLittle
	sun.java.command = /home/jeannory/repos/keycloak-3-youssfi/server/keycloak-9.0.0/jboss-modules.jar -mp /home/jeannory/repos/keycloak-3-youssfi/server/keycloak-9.0.0/modules org.jboss.as.standalone -Djboss.home.dir=/home/jeannory/repos/keycloak-3-youssfi/server/keycloak-9.0.0 -Djboss.server.base.dir=/home/jeannory/repos/keycloak-3-youssfi/server/keycloak-9.0.0/standalone
	sun.java.launcher = SUN_STANDARD
	sun.jnu.encoding = UTF-8
	sun.management.compiler = HotSpot 64-Bit Tiered Compilers
	sun.os.patch.level = unknown
	user.country = FR
	user.dir = /home/jeannory/repos/keycloak-3-youssfi/server/keycloak-9.0.0/bin
	user.home = /home/jeannory
	user.language = fr
	user.name = jeannory
	user.timezone = Europe/Paris
2020-03-22 08:15:17,283 DEBUG [org.jboss.as.config] (MSC service thread 1-2) VM Arguments: -D[Standalone] -Xms64m -Xmx512m -XX:MetaspaceSize=96M -XX:MaxMetaspaceSize=256m -Djava.net.preferIPv4Stack=true -Djboss.modules.system.pkgs=org.jboss.byteman -Djava.awt.headless=true -Dorg.jboss.boot.log.file=/home/jeannory/repos/keycloak-3-youssfi/server/keycloak-9.0.0/standalone/log/server.log -Dlogging.configuration=file:/home/jeannory/repos/keycloak-3-youssfi/server/keycloak-9.0.0/standalone/configuration/logging.properties 
2020-03-22 08:15:18,862 INFO  [org.wildfly.security] (ServerService Thread Pool -- 18) ELY00001: WildFly Elytron version 1.10.4.Final
2020-03-22 08:15:19,864 INFO  [org.jboss.as.controller.management-deprecated] (Controller Boot Thread) WFLYCTL0028: Attribute 'security-realm' in the resource at address '/core-service=management/management-interface=http-interface' is deprecated, and may be removed in a future version. See the attribute description in the output of the read-resource-description operation to learn more about the deprecation.
2020-03-22 08:15:19,939 INFO  [org.jboss.as.controller.management-deprecated] (ServerService Thread Pool -- 27) WFLYCTL0028: Attribute 'security-realm' in the resource at address '/subsystem=undertow/server=default-server/https-listener=https' is deprecated, and may be removed in a future version. See the attribute description in the output of the read-resource-description operation to learn more about the deprecation.
2020-03-22 08:15:20,155 INFO  [org.jboss.as.server] (Controller Boot Thread) WFLYSRV0039: Creating http management service using socket-binding (management-http)
2020-03-22 08:15:20,208 INFO  [org.xnio] (MSC service thread 1-8) XNIO version 3.7.3.Final
2020-03-22 08:15:20,231 INFO  [org.xnio.nio] (MSC service thread 1-8) XNIO NIO Implementation Version 3.7.3.Final
2020-03-22 08:15:20,311 INFO  [org.jboss.as.clustering.infinispan] (ServerService Thread Pool -- 37) WFLYCLINF0001: Activating Infinispan subsystem.
2020-03-22 08:15:20,365 WARN  [org.jboss.as.txn] (ServerService Thread Pool -- 49) WFLYTX0013: The node-identifier attribute on the /subsystem=transactions is set to the default value. This is a danger for environments running multiple servers. Please make sure the attribute value is unique.
2020-03-22 08:15:20,368 INFO  [org.wildfly.extension.microprofile.config.smallrye._private] (ServerService Thread Pool -- 51) WFLYCONF0001: Activating WildFly MicroProfile Config Subsystem
2020-03-22 08:15:20,393 INFO  [org.wildfly.extension.io] (ServerService Thread Pool -- 36) WFLYIO001: Worker 'default' has auto-configured to 8 core threads with 64 task threads based on your 4 available processors
2020-03-22 08:15:20,395 INFO  [org.jboss.as.security] (ServerService Thread Pool -- 48) WFLYSEC0002: Activating Security Subsystem
2020-03-22 08:15:20,420 INFO  [org.jboss.as.naming] (ServerService Thread Pool -- 43) WFLYNAM0001: Activating Naming Subsystem
2020-03-22 08:15:20,424 INFO  [org.jboss.as.jaxrs] (ServerService Thread Pool -- 38) WFLYRS0016: RESTEasy version 3.9.1.Final
2020-03-22 08:15:20,451 INFO  [org.jboss.remoting] (MSC service thread 1-5) JBoss Remoting version 5.0.15.Final
2020-03-22 08:15:20,468 INFO  [org.jboss.as.security] (MSC service thread 1-6) WFLYSEC0001: Current PicketBox version=5.0.3.Final
2020-03-22 08:15:20,510 INFO  [org.wildfly.extension.microprofile.metrics.smallrye] (ServerService Thread Pool -- 53) WFLYMETRICS0001: Activating Eclipse MicroProfile Metrics Subsystem
2020-03-22 08:15:20,547 INFO  [org.wildfly.extension.microprofile.health.smallrye] (ServerService Thread Pool -- 52) WFLYHEALTH0001: Activating Eclipse MicroProfile Health Subsystem
2020-03-22 08:15:20,549 INFO  [org.jboss.as.connector] (MSC service thread 1-3) WFLYJCA0009: Starting JCA Subsystem (WildFly/IronJacamar 1.4.17.Final)
2020-03-22 08:15:20,584 INFO  [org.jboss.as.connector.subsystems.datasources] (ServerService Thread Pool -- 32) WFLYJCA0004: Deploying JDBC-compliant driver class org.h2.Driver (version 1.4)
2020-03-22 08:15:20,621 INFO  [org.jboss.as.naming] (MSC service thread 1-6) WFLYNAM0003: Starting Naming Service
2020-03-22 08:15:20,623 INFO  [org.wildfly.extension.undertow] (MSC service thread 1-8) WFLYUT0003: Undertow 2.0.27.Final starting
2020-03-22 08:15:20,624 INFO  [org.jboss.as.connector.deployers.jdbc] (MSC service thread 1-8) WFLYJCA0018: Started Driver service with driver-name = h2
2020-03-22 08:15:20,627 INFO  [org.jboss.as.mail.extension] (MSC service thread 1-8) WFLYMAIL0001: Bound mail session [java:jboss/mail/Default]
2020-03-22 08:15:20,680 WARN  [org.wildfly.clustering.web.undertow] (ServerService Thread Pool -- 54) WFLYCLWEBUT0007: No routing provider found for default-server; using legacy provider based on static configuration
2020-03-22 08:15:21,143 INFO  [org.jboss.as.ejb3] (MSC service thread 1-7) WFLYEJB0481: Strict pool slsb-strict-max-pool is using a max instance size of 64 (per class), which is derived from thread worker pool sizing.
2020-03-22 08:15:21,157 INFO  [org.jboss.as.ejb3] (MSC service thread 1-5) WFLYEJB0482: Strict pool mdb-strict-max-pool is using a max instance size of 16 (per class), which is derived from the number of CPUs on this host.
2020-03-22 08:15:21,276 INFO  [org.wildfly.extension.undertow] (ServerService Thread Pool -- 54) WFLYUT0014: Creating file handler for path '/home/jeannory/repos/keycloak-3-youssfi/server/keycloak-9.0.0/welcome-content' with options [directory-listing: 'false', follow-symlink: 'false', case-sensitive: 'true', safe-symlink-paths: '[]']
2020-03-22 08:15:21,304 INFO  [org.wildfly.extension.undertow] (MSC service thread 1-4) WFLYUT0012: Started server default-server.
2020-03-22 08:15:21,308 INFO  [org.wildfly.extension.undertow] (MSC service thread 1-4) WFLYUT0018: Host default-host starting
2020-03-22 08:15:21,482 INFO  [org.wildfly.extension.undertow] (MSC service thread 1-6) WFLYUT0006: Undertow HTTP listener default listening on 127.0.0.1:8080
2020-03-22 08:15:21,632 INFO  [org.jboss.as.ejb3] (MSC service thread 1-7) WFLYEJB0493: EJB subsystem suspension complete
2020-03-22 08:15:21,770 INFO  [org.jboss.as.patching] (MSC service thread 1-7) WFLYPAT0050: Keycloak cumulative patch ID is: base, one-off patches include: none
2020-03-22 08:15:21,792 INFO  [org.jboss.as.connector.subsystems.datasources] (MSC service thread 1-4) WFLYJCA0001: Bound data source [java:jboss/datasources/ExampleDS]
2020-03-22 08:15:21,801 INFO  [org.jboss.as.connector.subsystems.datasources] (MSC service thread 1-6) WFLYJCA0001: Bound data source [java:jboss/datasources/KeycloakDS]
2020-03-22 08:15:21,823 WARN  [org.jboss.as.domain.management.security] (MSC service thread 1-1) WFLYDM0111: Keystore /home/jeannory/repos/keycloak-3-youssfi/server/keycloak-9.0.0/standalone/configuration/application.keystore not found, it will be auto generated on first use with a self signed certificate for host localhost
2020-03-22 08:15:21,832 INFO  [org.jboss.as.server.deployment.scanner] (MSC service thread 1-6) WFLYDS0013: Started FileSystemDeploymentService for directory /home/jeannory/repos/keycloak-3-youssfi/server/keycloak-9.0.0/standalone/deployments
2020-03-22 08:15:21,851 INFO  [org.jboss.as.server.deployment] (MSC service thread 1-3) WFLYSRV0027: Starting deployment of "keycloak-server.war" (runtime-name: "keycloak-server.war")
2020-03-22 08:15:22,124 INFO  [org.wildfly.extension.undertow] (MSC service thread 1-8) WFLYUT0006: Undertow HTTPS listener https listening on 127.0.0.1:8443
2020-03-22 08:15:22,803 INFO  [org.infinispan.factories.GlobalComponentRegistry] (MSC service thread 1-8) ISPN000128: Infinispan version: Infinispan 'Infinity Minus ONE +2' 9.4.16.Final
2020-03-22 08:15:23,272 INFO  [org.jboss.as.clustering.infinispan] (ServerService Thread Pool -- 64) WFLYCLINF0002: Started work cache from keycloak container
2020-03-22 08:15:23,279 INFO  [org.jboss.as.clustering.infinispan] (ServerService Thread Pool -- 67) WFLYCLINF0002: Started authorization cache from keycloak container
2020-03-22 08:15:23,281 INFO  [org.jboss.as.clustering.infinispan] (ServerService Thread Pool -- 56) WFLYCLINF0002: Started sessions cache from keycloak container
2020-03-22 08:15:23,281 INFO  [org.jboss.as.clustering.infinispan] (ServerService Thread Pool -- 58) WFLYCLINF0002: Started loginFailures cache from keycloak container
2020-03-22 08:15:23,281 INFO  [org.jboss.as.clustering.infinispan] (ServerService Thread Pool -- 60) WFLYCLINF0002: Started actionTokens cache from keycloak container
2020-03-22 08:15:23,281 INFO  [org.jboss.as.clustering.infinispan] (ServerService Thread Pool -- 57) WFLYCLINF0002: Started realms cache from keycloak container
2020-03-22 08:15:23,282 INFO  [org.jboss.as.clustering.infinispan] (ServerService Thread Pool -- 61) WFLYCLINF0002: Started offlineClientSessions cache from keycloak container
2020-03-22 08:15:23,282 INFO  [org.jboss.as.clustering.infinispan] (ServerService Thread Pool -- 62) WFLYCLINF0002: Started clientSessions cache from keycloak container
2020-03-22 08:15:23,282 INFO  [org.jboss.as.clustering.infinispan] (ServerService Thread Pool -- 66) WFLYCLINF0002: Started offlineSessions cache from keycloak container
2020-03-22 08:15:23,283 INFO  [org.jboss.as.clustering.infinispan] (ServerService Thread Pool -- 65) WFLYCLINF0002: Started authenticationSessions cache from keycloak container
2020-03-22 08:15:23,283 INFO  [org.jboss.as.clustering.infinispan] (ServerService Thread Pool -- 63) WFLYCLINF0002: Started users cache from keycloak container
2020-03-22 08:15:23,284 INFO  [org.jboss.as.clustering.infinispan] (ServerService Thread Pool -- 59) WFLYCLINF0002: Started keys cache from keycloak container
2020-03-22 08:15:23,503 INFO  [org.jboss.as.clustering.infinispan] (ServerService Thread Pool -- 68) WFLYCLINF0002: Started client-mappings cache from ejb container
2020-03-22 08:15:23,545 WARN  [org.jboss.as.server.deployment] (MSC service thread 1-5) WFLYSRV0273: Excluded subsystem webservices via jboss-deployment-structure.xml does not exist.
2020-03-22 08:15:23,576 ERROR [io.undertow] (MSC service thread 1-7) UT005024: Could not register resource change listener for caching resource manager, automatic invalidation of cached resource will not work: java.lang.RuntimeException: java.io.IOException: User limit of inotify watches reached
	at org.xnio.nio.WatchServiceFileSystemWatcher.watchPath(WatchServiceFileSystemWatcher.java:193)
	at io.undertow.server.handlers.resource.PathResourceManager.registerResourceChangeListener(PathResourceManager.java:257)
	at org.wildfly.extension.undertow.deployment.ServletResourceManager.registerResourceChangeListener(ServletResourceManager.java:117)
	at io.undertow.server.handlers.resource.CachingResourceManager.<init>(CachingResourceManager.java:64)
	at org.wildfly.extension.undertow.deployment.UndertowDeploymentInfoService.createServletConfig(UndertowDeploymentInfoService.java:577)
	at org.wildfly.extension.undertow.deployment.UndertowDeploymentInfoService.start(UndertowDeploymentInfoService.java:275)
	at org.jboss.msc.service.ServiceControllerImpl$StartTask.startService(ServiceControllerImpl.java:1739)
	at org.jboss.msc.service.ServiceControllerImpl$StartTask.execute(ServiceControllerImpl.java:1701)
	at org.jboss.msc.service.ServiceControllerImpl$ControllerTask.run(ServiceControllerImpl.java:1559)
	at org.jboss.threads.ContextClassLoaderSavingRunnable.run(ContextClassLoaderSavingRunnable.java:35)
	at org.jboss.threads.EnhancedQueueExecutor.safeRun(EnhancedQueueExecutor.java:1982)
	at org.jboss.threads.EnhancedQueueExecutor$ThreadBody.doRunTask(EnhancedQueueExecutor.java:1486)
	at org.jboss.threads.EnhancedQueueExecutor$ThreadBody.run(EnhancedQueueExecutor.java:1377)
	at java.lang.Thread.run(Thread.java:748)
Caused by: java.io.IOException: User limit of inotify watches reached
	at sun.nio.fs.LinuxWatchService$Poller.implRegister(LinuxWatchService.java:264)
	at sun.nio.fs.AbstractPoller.processRequests(AbstractPoller.java:260)
	at sun.nio.fs.LinuxWatchService$Poller.run(LinuxWatchService.java:364)
	... 1 more

2020-03-22 08:15:24,381 INFO  [org.keycloak.services] (ServerService Thread Pool -- 68) KC-SERVICES0001: Loading config from standalone.xml or domain.xml
2020-03-22 08:15:25,050 INFO  [org.keycloak.url.DefaultHostnameProviderFactory] (ServerService Thread Pool -- 68) Frontend: <request>, Admin: <frontend>, Backend: <request>
2020-03-22 08:15:25,115 INFO  [org.jboss.as.clustering.infinispan] (ServerService Thread Pool -- 68) WFLYCLINF0002: Started realmRevisions cache from keycloak container
2020-03-22 08:15:25,124 INFO  [org.jboss.as.clustering.infinispan] (ServerService Thread Pool -- 68) WFLYCLINF0002: Started userRevisions cache from keycloak container
2020-03-22 08:15:25,135 INFO  [org.jboss.as.clustering.infinispan] (ServerService Thread Pool -- 68) WFLYCLINF0002: Started authorizationRevisions cache from keycloak container
2020-03-22 08:15:25,138 INFO  [org.keycloak.connections.infinispan.DefaultInfinispanConnectionProviderFactory] (ServerService Thread Pool -- 68) Node name: jeannory-hp-elitebook-840-g1, Site name: null
2020-03-22 08:15:42,722 INFO  [org.hibernate.jpa.internal.util.LogHelper] (ServerService Thread Pool -- 68) HHH000204: Processing PersistenceUnitInfo [
	name: keycloak-default
	...]
2020-03-22 08:15:42,833 INFO  [org.hibernate.Version] (ServerService Thread Pool -- 68) HHH000412: Hibernate Core {5.3.13.Final}
2020-03-22 08:15:42,835 INFO  [org.hibernate.cfg.Environment] (ServerService Thread Pool -- 68) HHH000206: hibernate.properties not found
2020-03-22 08:15:43,105 INFO  [org.hibernate.annotations.common.Version] (ServerService Thread Pool -- 68) HCANN000001: Hibernate Commons Annotations {5.0.5.Final}
2020-03-22 08:15:43,399 INFO  [org.hibernate.dialect.Dialect] (ServerService Thread Pool -- 68) HHH000400: Using dialect: org.hibernate.dialect.H2Dialect
2020-03-22 08:15:43,411 WARN  [org.hibernate.dialect.H2Dialect] (ServerService Thread Pool -- 68) HHH000431: Unable to determine H2 database version, certain features may not work
2020-03-22 08:15:43,473 INFO  [org.hibernate.envers.boot.internal.EnversServiceImpl] (ServerService Thread Pool -- 68) Envers integration enabled? : true
2020-03-22 08:15:44,252 INFO  [org.hibernate.orm.beans] (ServerService Thread Pool -- 68) HHH10005002: No explicit CDI BeanManager reference was passed to Hibernate, but CDI is available on the Hibernate ClassLoader.
2020-03-22 08:15:44,337 INFO  [org.hibernate.validator.internal.util.Version] (ServerService Thread Pool -- 68) HV000001: Hibernate Validator 6.0.18.Final
2020-03-22 08:15:46,327 INFO  [org.hibernate.hql.internal.QueryTranslatorFactoryInitiator] (ServerService Thread Pool -- 68) HHH000397: Using ASTQueryTranslatorFactory
2020-03-22 08:15:47,984 INFO  [org.jboss.resteasy.resteasy_jaxrs.i18n] (ServerService Thread Pool -- 68) RESTEASY002225: Deploying javax.ws.rs.core.Application: class org.keycloak.services.resources.KeycloakApplication
2020-03-22 08:15:47,986 INFO  [org.jboss.resteasy.resteasy_jaxrs.i18n] (ServerService Thread Pool -- 68) RESTEASY002205: Adding provider class org.keycloak.services.filters.KeycloakTransactionCommitter from Application class org.keycloak.services.resources.KeycloakApplication
2020-03-22 08:15:47,988 INFO  [org.jboss.resteasy.resteasy_jaxrs.i18n] (ServerService Thread Pool -- 68) RESTEASY002200: Adding class resource org.keycloak.services.resources.ThemeResource from Application class org.keycloak.services.resources.KeycloakApplication
2020-03-22 08:15:47,989 INFO  [org.jboss.resteasy.resteasy_jaxrs.i18n] (ServerService Thread Pool -- 68) RESTEASY002205: Adding provider class org.keycloak.services.error.KeycloakErrorHandler from Application class org.keycloak.services.resources.KeycloakApplication
2020-03-22 08:15:47,989 INFO  [org.jboss.resteasy.resteasy_jaxrs.i18n] (ServerService Thread Pool -- 68) RESTEASY002200: Adding class resource org.keycloak.services.resources.JsResource from Application class org.keycloak.services.resources.KeycloakApplication
2020-03-22 08:15:47,990 INFO  [org.jboss.resteasy.resteasy_jaxrs.i18n] (ServerService Thread Pool -- 68) RESTEASY002220: Adding singleton resource org.keycloak.services.resources.RealmsResource from Application class org.keycloak.services.resources.KeycloakApplication
2020-03-22 08:15:47,990 INFO  [org.jboss.resteasy.resteasy_jaxrs.i18n] (ServerService Thread Pool -- 68) RESTEASY002220: Adding singleton resource org.keycloak.services.resources.RobotsResource from Application class org.keycloak.services.resources.KeycloakApplication
2020-03-22 08:15:47,991 INFO  [org.jboss.resteasy.resteasy_jaxrs.i18n] (ServerService Thread Pool -- 68) RESTEASY002210: Adding provider singleton org.keycloak.services.util.ObjectMapperResolver from Application class org.keycloak.services.resources.KeycloakApplication
2020-03-22 08:15:47,991 INFO  [org.jboss.resteasy.resteasy_jaxrs.i18n] (ServerService Thread Pool -- 68) RESTEASY002220: Adding singleton resource org.keycloak.services.resources.WelcomeResource from Application class org.keycloak.services.resources.KeycloakApplication
2020-03-22 08:15:47,992 INFO  [org.jboss.resteasy.resteasy_jaxrs.i18n] (ServerService Thread Pool -- 68) RESTEASY002220: Adding singleton resource org.keycloak.services.resources.admin.AdminRoot from Application class org.keycloak.services.resources.KeycloakApplication
2020-03-22 08:15:48,202 INFO  [org.wildfly.extension.undertow] (ServerService Thread Pool -- 68) WFLYUT0021: Registered web context: '/auth' for server 'default-server'
2020-03-22 08:15:48,349 INFO  [org.jboss.as.server] (ServerService Thread Pool -- 55) WFLYSRV0010: Deployed "keycloak-server.war" (runtime-name : "keycloak-server.war")
2020-03-22 08:15:48,454 INFO  [org.jboss.as.server] (Controller Boot Thread) WFLYSRV0212: Resuming server
2020-03-22 08:15:48,460 INFO  [org.jboss.as] (Controller Boot Thread) WFLYSRV0060: Http management interface listening on http://127.0.0.1:9990/management
2020-03-22 08:15:48,460 INFO  [org.jboss.as] (Controller Boot Thread) WFLYSRV0051: Admin console listening on http://127.0.0.1:9990
2020-03-22 08:15:48,467 INFO  [org.jboss.as] (Controller Boot Thread) WFLYSRV0025: Keycloak 9.0.0 (WildFly Core 10.0.3.Final) started in 32666ms - Started 590 of 885 services (601 services are lazy, passive or on-demand)
2020-03-22 10:20:34,455 INFO  [org.jboss.as.server.deployment.scanner] (MSC service thread 1-1) WFLYDS0013: Started FileSystemDeploymentService for directory /home/jeannory/repos/keycloak-youssfi/server/keycloak-9.0.0/standalone/deployments
2020-03-22 10:20:34,477 INFO  [org.jboss.as.server.deployment] (MSC service thread 1-6) WFLYSRV0027: Starting deployment of "keycloak-server.war" (runtime-name: "keycloak-server.war")
2020-03-22 10:20:34,688 INFO  [org.wildfly.extension.undertow] (MSC service thread 1-5) WFLYUT0006: Undertow HTTPS listener https listening on 127.0.0.1:8443
2020-03-22 10:20:35,320 INFO  [org.infinispan.factories.GlobalComponentRegistry] (MSC service thread 1-3) ISPN000128: Infinispan version: Infinispan 'Infinity Minus ONE +2' 9.4.16.Final
2020-03-22 10:20:35,806 INFO  [org.jboss.as.clustering.infinispan] (ServerService Thread Pool -- 61) WFLYCLINF0002: Started sessions cache from keycloak container
2020-03-22 10:20:35,806 INFO  [org.jboss.as.clustering.infinispan] (ServerService Thread Pool -- 66) WFLYCLINF0002: Started clientSessions cache from keycloak container
2020-03-22 10:20:35,806 INFO  [org.jboss.as.clustering.infinispan] (ServerService Thread Pool -- 57) WFLYCLINF0002: Started authorization cache from keycloak container
2020-03-22 10:20:35,806 INFO  [org.jboss.as.clustering.infinispan] (ServerService Thread Pool -- 60) WFLYCLINF0002: Started work cache from keycloak container
2020-03-22 10:20:35,807 INFO  [org.jboss.as.clustering.infinispan] (ServerService Thread Pool -- 62) WFLYCLINF0002: Started users cache from keycloak container
2020-03-22 10:20:35,809 INFO  [org.jboss.as.clustering.infinispan] (ServerService Thread Pool -- 56) WFLYCLINF0002: Started loginFailures cache from keycloak container
2020-03-22 10:20:35,810 INFO  [org.jboss.as.clustering.infinispan] (ServerService Thread Pool -- 59) WFLYCLINF0002: Started authenticationSessions cache from keycloak container
2020-03-22 10:20:35,810 INFO  [org.jboss.as.clustering.infinispan] (ServerService Thread Pool -- 65) WFLYCLINF0002: Started keys cache from keycloak container
2020-03-22 10:20:35,810 INFO  [org.jboss.as.clustering.infinispan] (ServerService Thread Pool -- 64) WFLYCLINF0002: Started offlineClientSessions cache from keycloak container
2020-03-22 10:20:35,811 INFO  [org.jboss.as.clustering.infinispan] (ServerService Thread Pool -- 63) WFLYCLINF0002: Started actionTokens cache from keycloak container
2020-03-22 10:20:35,812 INFO  [org.jboss.as.clustering.infinispan] (ServerService Thread Pool -- 58) WFLYCLINF0002: Started realms cache from keycloak container
2020-03-22 10:20:35,812 INFO  [org.jboss.as.clustering.infinispan] (ServerService Thread Pool -- 67) WFLYCLINF0002: Started offlineSessions cache from keycloak container
2020-03-22 10:20:35,935 INFO  [org.jboss.as.clustering.infinispan] (ServerService Thread Pool -- 68) WFLYCLINF0002: Started client-mappings cache from ejb container
2020-03-22 10:20:36,121 WARN  [org.jboss.as.server.deployment] (MSC service thread 1-2) WFLYSRV0273: Excluded subsystem webservices via jboss-deployment-structure.xml does not exist.
2020-03-22 10:20:37,525 INFO  [org.keycloak.services] (ServerService Thread Pool -- 67) KC-SERVICES0001: Loading config from standalone.xml or domain.xml
2020-03-22 10:20:38,139 INFO  [org.keycloak.url.DefaultHostnameProviderFactory] (ServerService Thread Pool -- 67) Frontend: <request>, Admin: <frontend>, Backend: <request>
2020-03-22 10:20:38,583 INFO  [org.jboss.as.clustering.infinispan] (ServerService Thread Pool -- 67) WFLYCLINF0002: Started realmRevisions cache from keycloak container
2020-03-22 10:20:38,603 INFO  [org.jboss.as.clustering.infinispan] (ServerService Thread Pool -- 67) WFLYCLINF0002: Started userRevisions cache from keycloak container
2020-03-22 10:20:38,615 INFO  [org.jboss.as.clustering.infinispan] (ServerService Thread Pool -- 67) WFLYCLINF0002: Started authorizationRevisions cache from keycloak container
2020-03-22 10:20:38,618 INFO  [org.keycloak.connections.infinispan.DefaultInfinispanConnectionProviderFactory] (ServerService Thread Pool -- 67) Node name: jeannory-hp-elitebook-840-g1, Site name: null
2020-03-22 10:20:50,626 INFO  [org.hibernate.jpa.internal.util.LogHelper] (ServerService Thread Pool -- 67) HHH000204: Processing PersistenceUnitInfo [
	name: keycloak-default
	...]
2020-03-22 10:20:50,898 INFO  [org.hibernate.Version] (ServerService Thread Pool -- 67) HHH000412: Hibernate Core {5.3.13.Final}
2020-03-22 10:20:50,901 INFO  [org.hibernate.cfg.Environment] (ServerService Thread Pool -- 67) HHH000206: hibernate.properties not found
2020-03-22 10:20:51,417 INFO  [org.hibernate.annotations.common.Version] (ServerService Thread Pool -- 67) HCANN000001: Hibernate Commons Annotations {5.0.5.Final}
2020-03-22 10:20:51,982 INFO  [org.hibernate.dialect.Dialect] (ServerService Thread Pool -- 67) HHH000400: Using dialect: org.hibernate.dialect.H2Dialect
2020-03-22 10:20:52,023 WARN  [org.hibernate.dialect.H2Dialect] (ServerService Thread Pool -- 67) HHH000431: Unable to determine H2 database version, certain features may not work
2020-03-22 10:20:52,206 INFO  [org.hibernate.envers.boot.internal.EnversServiceImpl] (ServerService Thread Pool -- 67) Envers integration enabled? : true
2020-03-22 10:20:53,911 INFO  [org.hibernate.orm.beans] (ServerService Thread Pool -- 67) HHH10005002: No explicit CDI BeanManager reference was passed to Hibernate, but CDI is available on the Hibernate ClassLoader.
2020-03-22 10:20:54,135 INFO  [org.hibernate.validator.internal.util.Version] (ServerService Thread Pool -- 67) HV000001: Hibernate Validator 6.0.18.Final
2020-03-22 10:20:58,531 INFO  [org.hibernate.hql.internal.QueryTranslatorFactoryInitiator] (ServerService Thread Pool -- 67) HHH000397: Using ASTQueryTranslatorFactory
2020-03-22 10:21:02,176 INFO  [org.jboss.resteasy.resteasy_jaxrs.i18n] (ServerService Thread Pool -- 67) RESTEASY002225: Deploying javax.ws.rs.core.Application: class org.keycloak.services.resources.KeycloakApplication
2020-03-22 10:21:02,181 INFO  [org.jboss.resteasy.resteasy_jaxrs.i18n] (ServerService Thread Pool -- 67) RESTEASY002205: Adding provider class org.keycloak.services.filters.KeycloakTransactionCommitter from Application class org.keycloak.services.resources.KeycloakApplication
2020-03-22 10:21:02,187 INFO  [org.jboss.resteasy.resteasy_jaxrs.i18n] (ServerService Thread Pool -- 67) RESTEASY002200: Adding class resource org.keycloak.services.resources.ThemeResource from Application class org.keycloak.services.resources.KeycloakApplication
2020-03-22 10:21:02,191 INFO  [org.jboss.resteasy.resteasy_jaxrs.i18n] (ServerService Thread Pool -- 67) RESTEASY002200: Adding class resource org.keycloak.services.resources.JsResource from Application class org.keycloak.services.resources.KeycloakApplication
2020-03-22 10:21:02,192 INFO  [org.jboss.resteasy.resteasy_jaxrs.i18n] (ServerService Thread Pool -- 67) RESTEASY002205: Adding provider class org.keycloak.services.error.KeycloakErrorHandler from Application class org.keycloak.services.resources.KeycloakApplication
2020-03-22 10:21:02,192 INFO  [org.jboss.resteasy.resteasy_jaxrs.i18n] (ServerService Thread Pool -- 67) RESTEASY002220: Adding singleton resource org.keycloak.services.resources.RobotsResource from Application class org.keycloak.services.resources.KeycloakApplication
2020-03-22 10:21:02,193 INFO  [org.jboss.resteasy.resteasy_jaxrs.i18n] (ServerService Thread Pool -- 67) RESTEASY002210: Adding provider singleton org.keycloak.services.util.ObjectMapperResolver from Application class org.keycloak.services.resources.KeycloakApplication
2020-03-22 10:21:02,193 INFO  [org.jboss.resteasy.resteasy_jaxrs.i18n] (ServerService Thread Pool -- 67) RESTEASY002220: Adding singleton resource org.keycloak.services.resources.admin.AdminRoot from Application class org.keycloak.services.resources.KeycloakApplication
2020-03-22 10:21:02,194 INFO  [org.jboss.resteasy.resteasy_jaxrs.i18n] (ServerService Thread Pool -- 67) RESTEASY002220: Adding singleton resource org.keycloak.services.resources.WelcomeResource from Application class org.keycloak.services.resources.KeycloakApplication
2020-03-22 10:21:02,195 INFO  [org.jboss.resteasy.resteasy_jaxrs.i18n] (ServerService Thread Pool -- 67) RESTEASY002220: Adding singleton resource org.keycloak.services.resources.RealmsResource from Application class org.keycloak.services.resources.KeycloakApplication
2020-03-22 10:21:02,841 INFO  [org.wildfly.extension.undertow] (ServerService Thread Pool -- 67) WFLYUT0021: Registered web context: '/auth' for server 'default-server'
2020-03-22 10:21:03,220 INFO  [org.jboss.as.server] (ServerService Thread Pool -- 55) WFLYSRV0010: Deployed "keycloak-server.war" (runtime-name : "keycloak-server.war")
2020-03-22 10:21:03,349 INFO  [org.jboss.as.server] (Controller Boot Thread) WFLYSRV0212: Resuming server
2020-03-22 10:21:03,353 INFO  [org.jboss.as] (Controller Boot Thread) WFLYSRV0060: Http management interface listening on http://127.0.0.1:9990/management
2020-03-22 10:21:03,354 INFO  [org.jboss.as] (Controller Boot Thread) WFLYSRV0051: Admin console listening on http://127.0.0.1:9990
2020-03-22 10:21:03,354 INFO  [org.jboss.as] (Controller Boot Thread) WFLYSRV0025: Keycloak 9.0.0 (WildFly Core 10.0.3.Final) started in 34126ms - Started 590 of 885 services (601 services are lazy, passive or on-demand)
2020-03-22 10:22:19,554 INFO  [org.jboss.as.server] (Thread-2) WFLYSRV0272: Suspending server
2020-03-22 10:22:19,559 INFO  [org.jboss.as.ejb3] (Thread-2) WFLYEJB0493: EJB subsystem suspension complete
2020-03-22 10:22:19,561 INFO  [org.jboss.as.server] (Thread-2) WFLYSRV0220: Server shutdown has been requested via an OS signal
2020-03-22 10:22:19,587 INFO  [org.jboss.as.connector.subsystems.datasources] (MSC service thread 1-5) WFLYJCA0010: Unbound data source [java:jboss/datasources/KeycloakDS]
2020-03-22 10:22:19,588 INFO  [org.jboss.as.mail.extension] (MSC service thread 1-7) WFLYMAIL0002: Unbound mail session [java:jboss/mail/Default]
2020-03-22 10:22:19,592 INFO  [org.wildfly.extension.undertow] (MSC service thread 1-2) WFLYUT0008: Undertow HTTPS listener https suspending
2020-03-22 10:22:19,593 INFO  [org.wildfly.extension.undertow] (ServerService Thread Pool -- 67) WFLYUT0022: Unregistered web context: '/auth' from server 'default-server'
2020-03-22 10:22:19,615 INFO  [org.wildfly.extension.undertow] (MSC service thread 1-2) WFLYUT0007: Undertow HTTPS listener https stopped, was bound to 127.0.0.1:8443
2020-03-22 10:22:19,627 INFO  [org.jboss.as.connector.subsystems.datasources] (MSC service thread 1-8) WFLYJCA0010: Unbound data source [java:jboss/datasources/ExampleDS]
2020-03-22 10:22:19,635 INFO  [org.jboss.as.connector.deployers.jdbc] (MSC service thread 1-5) WFLYJCA0019: Stopped Driver service with driver-name = h2
2020-03-22 10:22:19,642 INFO  [org.jboss.as.clustering.infinispan] (ServerService Thread Pool -- 72) WFLYCLINF0003: Stopped loginFailures cache from keycloak container
2020-03-22 10:22:19,642 INFO  [org.jboss.as.clustering.infinispan] (ServerService Thread Pool -- 71) WFLYCLINF0003: Stopped authorization cache from keycloak container
2020-03-22 10:22:19,643 INFO  [org.jboss.as.clustering.infinispan] (ServerService Thread Pool -- 67) WFLYCLINF0003: Stopped actionTokens cache from keycloak container
2020-03-22 10:22:19,648 INFO  [org.wildfly.extension.undertow] (MSC service thread 1-6) WFLYUT0019: Host default-host stopping
2020-03-22 10:22:19,651 INFO  [org.jboss.as.clustering.infinispan] (ServerService Thread Pool -- 74) WFLYCLINF0003: Stopped sessions cache from keycloak container
2020-03-22 10:22:19,654 INFO  [org.jboss.as.clustering.infinispan] (ServerService Thread Pool -- 81) WFLYCLINF0003: Stopped work cache from keycloak container
2020-03-22 10:22:19,655 INFO  [org.jboss.as.clustering.infinispan] (ServerService Thread Pool -- 75) WFLYCLINF0003: Stopped offlineSessions cache from keycloak container
2020-03-22 10:22:19,656 INFO  [org.jboss.as.clustering.infinispan] (ServerService Thread Pool -- 73) WFLYCLINF0003: Stopped client-mappings cache from ejb container
2020-03-22 10:22:19,656 INFO  [org.jboss.as.clustering.infinispan] (ServerService Thread Pool -- 78) WFLYCLINF0003: Stopped clientSessions cache from keycloak container
2020-03-22 10:22:19,659 INFO  [org.jboss.as.clustering.infinispan] (ServerService Thread Pool -- 79) WFLYCLINF0003: Stopped offlineClientSessions cache from keycloak container
2020-03-22 10:22:19,659 INFO  [org.jboss.as.clustering.infinispan] (ServerService Thread Pool -- 80) WFLYCLINF0003: Stopped authenticationSessions cache from keycloak container
2020-03-22 10:22:19,670 INFO  [org.jboss.as.clustering.infinispan] (ServerService Thread Pool -- 77) WFLYCLINF0003: Stopped keys cache from keycloak container
2020-03-22 10:22:19,673 INFO  [org.jboss.as.clustering.infinispan] (ServerService Thread Pool -- 76) WFLYCLINF0003: Stopped users cache from keycloak container
2020-03-22 10:22:19,674 INFO  [org.wildfly.extension.undertow] (MSC service thread 1-6) WFLYUT0008: Undertow HTTP listener default suspending
2020-03-22 10:22:19,675 INFO  [org.wildfly.extension.undertow] (MSC service thread 1-6) WFLYUT0007: Undertow HTTP listener default stopped, was bound to 127.0.0.1:8080
2020-03-22 10:22:19,680 INFO  [org.wildfly.extension.undertow] (MSC service thread 1-6) WFLYUT0004: Undertow 2.0.27.Final stopping
2020-03-22 10:22:19,685 INFO  [org.jboss.as.clustering.infinispan] (ServerService Thread Pool -- 72) WFLYCLINF0003: Stopped realms cache from keycloak container
2020-03-22 10:22:19,693 INFO  [org.jboss.as.server.deployment] (MSC service thread 1-5) WFLYSRV0028: Stopped deployment keycloak-server.war (runtime-name: keycloak-server.war) in 125ms
2020-03-22 10:22:19,717 INFO  [org.jboss.as] (MSC service thread 1-1) WFLYSRV0050: Keycloak 9.0.0 (WildFly Core 10.0.3.Final) stopped in 150ms
2020-03-22 10:22:26,003 INFO  [org.jboss.modules] (main) JBoss Modules version 1.9.1.Final
2020-03-22 10:22:26,543 INFO  [org.jboss.msc] (main) JBoss MSC version 1.4.11.Final
2020-03-22 10:22:26,557 INFO  [org.jboss.threads] (main) JBoss Threads version 2.3.3.Final
2020-03-22 10:22:26,702 INFO  [org.jboss.as] (MSC service thread 1-2) WFLYSRV0049: Keycloak 9.0.0 (WildFly Core 10.0.3.Final) starting
2020-03-22 10:22:26,704 DEBUG [org.jboss.as.config] (MSC service thread 1-2) Configured system properties:
	[Standalone] = 
	awt.toolkit = sun.awt.X11.XToolkit
	file.encoding = UTF-8
	file.encoding.pkg = sun.io
	file.separator = /
	java.awt.graphicsenv = sun.awt.X11GraphicsEnvironment
	java.awt.headless = true
	java.awt.printerjob = sun.print.PSPrinterJob
	java.class.path = /home/jeannory/repos/keycloak-youssfi/server/keycloak-9.0.0/jboss-modules.jar
	java.class.version = 52.0
	java.endorsed.dirs = /usr/java/jdk1.8.0_181/jre/lib/endorsed
	java.ext.dirs = /usr/java/jdk1.8.0_181/jre/lib/ext:/usr/java/packages/lib/ext
	java.home = /usr/java/jdk1.8.0_181/jre
	java.io.tmpdir = /tmp
	java.library.path = /usr/java/packages/lib/amd64:/usr/lib64:/lib64:/lib:/usr/lib
	java.net.preferIPv4Stack = true
	java.runtime.name = Java(TM) SE Runtime Environment
	java.runtime.version = 1.8.0_181-b13
	java.specification.name = Java Platform API Specification
	java.specification.vendor = Oracle Corporation
	java.specification.version = 1.8
	java.util.logging.manager = org.jboss.logmanager.LogManager
	java.vendor = Oracle Corporation
	java.vendor.url = http://java.oracle.com/
	java.vendor.url.bug = http://bugreport.sun.com/bugreport/
	java.version = 1.8.0_181
	java.vm.info = mixed mode
	java.vm.name = Java HotSpot(TM) 64-Bit Server VM
	java.vm.specification.name = Java Virtual Machine Specification
	java.vm.specification.vendor = Oracle Corporation
	java.vm.specification.version = 1.8
	java.vm.vendor = Oracle Corporation
	java.vm.version = 25.181-b13
	javax.management.builder.initial = org.jboss.as.jmx.PluggableMBeanServerBuilder
	jboss.home.dir = /home/jeannory/repos/keycloak-youssfi/server/keycloak-9.0.0
	jboss.host.name = jeannory-hp-elitebook-840-g1
	jboss.modules.dir = /home/jeannory/repos/keycloak-youssfi/server/keycloak-9.0.0/modules
	jboss.modules.system.pkgs = org.jboss.byteman
	jboss.node.name = jeannory-hp-elitebook-840-g1
	jboss.qualified.host.name = jeannory-hp-elitebook-840-g1
	jboss.server.base.dir = /home/jeannory/repos/keycloak-youssfi/server/keycloak-9.0.0/standalone
	jboss.server.config.dir = /home/jeannory/repos/keycloak-youssfi/server/keycloak-9.0.0/standalone/configuration
	jboss.server.data.dir = /home/jeannory/repos/keycloak-youssfi/server/keycloak-9.0.0/standalone/data
	jboss.server.deploy.dir = /home/jeannory/repos/keycloak-youssfi/server/keycloak-9.0.0/standalone/data/content
	jboss.server.log.dir = /home/jeannory/repos/keycloak-youssfi/server/keycloak-9.0.0/standalone/log
	jboss.server.name = jeannory-hp-elitebook-840-g1
	jboss.server.persist.config = true
	jboss.server.temp.dir = /home/jeannory/repos/keycloak-youssfi/server/keycloak-9.0.0/standalone/tmp
	line.separator = 

	logging.configuration = file:/home/jeannory/repos/keycloak-youssfi/server/keycloak-9.0.0/standalone/configuration/logging.properties
	module.path = /home/jeannory/repos/keycloak-youssfi/server/keycloak-9.0.0/modules
	org.jboss.boot.log.file = /home/jeannory/repos/keycloak-youssfi/server/keycloak-9.0.0/standalone/log/server.log
	org.jboss.resolver.warning = true
	os.arch = amd64
	os.name = Linux
	os.version = 4.15.0-54-generic
	path.separator = :
	sun.arch.data.model = 64
	sun.boot.class.path = /usr/java/jdk1.8.0_181/jre/lib/resources.jar:/usr/java/jdk1.8.0_181/jre/lib/rt.jar:/usr/java/jdk1.8.0_181/jre/lib/sunrsasign.jar:/usr/java/jdk1.8.0_181/jre/lib/jsse.jar:/usr/java/jdk1.8.0_181/jre/lib/jce.jar:/usr/java/jdk1.8.0_181/jre/lib/charsets.jar:/usr/java/jdk1.8.0_181/jre/lib/jfr.jar:/usr/java/jdk1.8.0_181/jre/classes
	sun.boot.library.path = /usr/java/jdk1.8.0_181/jre/lib/amd64
	sun.cpu.endian = little
	sun.cpu.isalist = 
	sun.io.unicode.encoding = UnicodeLittle
	sun.java.command = /home/jeannory/repos/keycloak-youssfi/server/keycloak-9.0.0/jboss-modules.jar -mp /home/jeannory/repos/keycloak-youssfi/server/keycloak-9.0.0/modules org.jboss.as.standalone -Djboss.home.dir=/home/jeannory/repos/keycloak-youssfi/server/keycloak-9.0.0 -Djboss.server.base.dir=/home/jeannory/repos/keycloak-youssfi/server/keycloak-9.0.0/standalone
	sun.java.launcher = SUN_STANDARD
	sun.jnu.encoding = UTF-8
	sun.management.compiler = HotSpot 64-Bit Tiered Compilers
	sun.os.patch.level = unknown
	user.country = FR
	user.dir = /home/jeannory/repos/keycloak-youssfi/server/keycloak-9.0.0/bin
	user.home = /home/jeannory
	user.language = fr
	user.name = jeannory
	user.timezone = Europe/Paris
2020-03-22 10:22:26,705 DEBUG [org.jboss.as.config] (MSC service thread 1-2) VM Arguments: -D[Standalone] -Xms64m -Xmx512m -XX:MetaspaceSize=96M -XX:MaxMetaspaceSize=256m -Djava.net.preferIPv4Stack=true -Djboss.modules.system.pkgs=org.jboss.byteman -Djava.awt.headless=true -Dorg.jboss.boot.log.file=/home/jeannory/repos/keycloak-youssfi/server/keycloak-9.0.0/standalone/log/server.log -Dlogging.configuration=file:/home/jeannory/repos/keycloak-youssfi/server/keycloak-9.0.0/standalone/configuration/logging.properties 
2020-03-22 10:22:27,881 INFO  [org.wildfly.security] (ServerService Thread Pool -- 11) ELY00001: WildFly Elytron version 1.10.4.Final
2020-03-22 10:22:28,672 INFO  [org.jboss.as.controller.management-deprecated] (Controller Boot Thread) WFLYCTL0028: Attribute 'security-realm' in the resource at address '/core-service=management/management-interface=http-interface' is deprecated, and may be removed in a future version. See the attribute description in the output of the read-resource-description operation to learn more about the deprecation.
2020-03-22 10:22:28,738 INFO  [org.jboss.as.controller.management-deprecated] (ServerService Thread Pool -- 27) WFLYCTL0028: Attribute 'security-realm' in the resource at address '/subsystem=undertow/server=default-server/https-listener=https' is deprecated, and may be removed in a future version. See the attribute description in the output of the read-resource-description operation to learn more about the deprecation.
2020-03-22 10:22:28,903 INFO  [org.jboss.as.server] (Controller Boot Thread) WFLYSRV0039: Creating http management service using socket-binding (management-http)
2020-03-22 10:22:28,929 INFO  [org.xnio] (MSC service thread 1-3) XNIO version 3.7.3.Final
2020-03-22 10:22:28,944 INFO  [org.xnio.nio] (MSC service thread 1-3) XNIO NIO Implementation Version 3.7.3.Final
2020-03-22 10:22:29,031 INFO  [org.wildfly.extension.io] (ServerService Thread Pool -- 36) WFLYIO001: Worker 'default' has auto-configured to 8 core threads with 64 task threads based on your 4 available processors
2020-03-22 10:22:29,033 INFO  [org.jboss.as.clustering.infinispan] (ServerService Thread Pool -- 37) WFLYCLINF0001: Activating Infinispan subsystem.
2020-03-22 10:22:29,048 INFO  [org.jboss.as.connector.subsystems.datasources] (ServerService Thread Pool -- 32) WFLYJCA0004: Deploying JDBC-compliant driver class org.h2.Driver (version 1.4)
2020-03-22 10:22:29,081 WARN  [org.jboss.as.txn] (ServerService Thread Pool -- 49) WFLYTX0013: The node-identifier attribute on the /subsystem=transactions is set to the default value. This is a danger for environments running multiple servers. Please make sure the attribute value is unique.
2020-03-22 10:22:29,083 INFO  [org.jboss.as.naming] (ServerService Thread Pool -- 43) WFLYNAM0001: Activating Naming Subsystem
2020-03-22 10:22:29,095 INFO  [org.jboss.as.connector] (MSC service thread 1-5) WFLYJCA0009: Starting JCA Subsystem (WildFly/IronJacamar 1.4.17.Final)
2020-03-22 10:22:29,095 INFO  [org.jboss.as.jaxrs] (ServerService Thread Pool -- 38) WFLYRS0016: RESTEasy version 3.9.1.Final
2020-03-22 10:22:29,108 INFO  [org.wildfly.extension.microprofile.config.smallrye._private] (ServerService Thread Pool -- 51) WFLYCONF0001: Activating WildFly MicroProfile Config Subsystem
2020-03-22 10:22:29,120 INFO  [org.jboss.remoting] (MSC service thread 1-7) JBoss Remoting version 5.0.15.Final
2020-03-22 10:22:29,148 INFO  [org.jboss.as.security] (ServerService Thread Pool -- 48) WFLYSEC0002: Activating Security Subsystem
2020-03-22 10:22:29,156 INFO  [org.jboss.as.connector.deployers.jdbc] (MSC service thread 1-1) WFLYJCA0018: Started Driver service with driver-name = h2
2020-03-22 10:22:29,165 INFO  [org.wildfly.extension.microprofile.metrics.smallrye] (ServerService Thread Pool -- 53) WFLYMETRICS0001: Activating Eclipse MicroProfile Metrics Subsystem
2020-03-22 10:22:29,188 INFO  [org.wildfly.extension.microprofile.health.smallrye] (ServerService Thread Pool -- 52) WFLYHEALTH0001: Activating Eclipse MicroProfile Health Subsystem
2020-03-22 10:22:29,189 INFO  [org.jboss.as.naming] (MSC service thread 1-3) WFLYNAM0003: Starting Naming Service
2020-03-22 10:22:29,190 INFO  [org.jboss.as.mail.extension] (MSC service thread 1-4) WFLYMAIL0001: Bound mail session [java:jboss/mail/Default]
2020-03-22 10:22:29,198 INFO  [org.jboss.as.security] (MSC service thread 1-4) WFLYSEC0001: Current PicketBox version=5.0.3.Final
2020-03-22 10:22:29,266 INFO  [org.wildfly.extension.undertow] (MSC service thread 1-5) WFLYUT0003: Undertow 2.0.27.Final starting
2020-03-22 10:22:29,506 WARN  [org.wildfly.clustering.web.undertow] (ServerService Thread Pool -- 54) WFLYCLWEBUT0007: No routing provider found for default-server; using legacy provider based on static configuration
2020-03-22 10:22:29,758 INFO  [org.jboss.as.ejb3] (MSC service thread 1-8) WFLYEJB0481: Strict pool slsb-strict-max-pool is using a max instance size of 64 (per class), which is derived from thread worker pool sizing.
2020-03-22 10:22:29,801 INFO  [org.jboss.as.ejb3] (MSC service thread 1-6) WFLYEJB0482: Strict pool mdb-strict-max-pool is using a max instance size of 16 (per class), which is derived from the number of CPUs on this host.
2020-03-22 10:22:29,825 INFO  [org.wildfly.extension.undertow] (ServerService Thread Pool -- 54) WFLYUT0014: Creating file handler for path '/home/jeannory/repos/keycloak-youssfi/server/keycloak-9.0.0/welcome-content' with options [directory-listing: 'false', follow-symlink: 'false', case-sensitive: 'true', safe-symlink-paths: '[]']
2020-03-22 10:22:29,896 INFO  [org.wildfly.extension.undertow] (MSC service thread 1-7) WFLYUT0012: Started server default-server.
2020-03-22 10:22:29,900 INFO  [org.wildfly.extension.undertow] (MSC service thread 1-4) WFLYUT0018: Host default-host starting
2020-03-22 10:22:30,071 INFO  [org.wildfly.extension.undertow] (MSC service thread 1-7) WFLYUT0006: Undertow HTTP listener default listening on 127.0.0.1:8080
2020-03-22 10:22:30,305 INFO  [org.jboss.as.ejb3] (MSC service thread 1-6) WFLYEJB0493: EJB subsystem suspension complete
2020-03-22 10:22:30,360 INFO  [org.jboss.as.patching] (MSC service thread 1-8) WFLYPAT0050: Keycloak cumulative patch ID is: base, one-off patches include: none
2020-03-22 10:22:30,428 WARN  [org.jboss.as.domain.management.security] (MSC service thread 1-3) WFLYDM0111: Keystore /home/jeannory/repos/keycloak-youssfi/server/keycloak-9.0.0/standalone/configuration/application.keystore not found, it will be auto generated on first use with a self signed certificate for host localhost
2020-03-22 10:22:30,444 INFO  [org.jboss.as.server.deployment.scanner] (MSC service thread 1-3) WFLYDS0013: Started FileSystemDeploymentService for directory /home/jeannory/repos/keycloak-youssfi/server/keycloak-9.0.0/standalone/deployments
2020-03-22 10:22:30,465 INFO  [org.jboss.as.connector.subsystems.datasources] (MSC service thread 1-1) WFLYJCA0001: Bound data source [java:jboss/datasources/ExampleDS]
2020-03-22 10:22:30,475 INFO  [org.jboss.as.connector.subsystems.datasources] (MSC service thread 1-1) WFLYJCA0001: Bound data source [java:jboss/datasources/KeycloakDS]
2020-03-22 10:22:30,483 INFO  [org.jboss.as.server.deployment] (MSC service thread 1-6) WFLYSRV0027: Starting deployment of "keycloak-server.war" (runtime-name: "keycloak-server.war")
2020-03-22 10:22:30,712 INFO  [org.wildfly.extension.undertow] (MSC service thread 1-7) WFLYUT0006: Undertow HTTPS listener https listening on 127.0.0.1:8443
2020-03-22 10:22:31,265 INFO  [org.infinispan.factories.GlobalComponentRegistry] (MSC service thread 1-4) ISPN000128: Infinispan version: Infinispan 'Infinity Minus ONE +2' 9.4.16.Final
2020-03-22 10:22:31,737 INFO  [org.jboss.as.clustering.infinispan] (ServerService Thread Pool -- 63) WFLYCLINF0002: Started loginFailures cache from keycloak container
2020-03-22 10:22:31,742 INFO  [org.jboss.as.clustering.infinispan] (ServerService Thread Pool -- 65) WFLYCLINF0002: Started realms cache from keycloak container
2020-03-22 10:22:31,742 INFO  [org.jboss.as.clustering.infinispan] (ServerService Thread Pool -- 67) WFLYCLINF0002: Started offlineClientSessions cache from keycloak container
2020-03-22 10:22:31,742 INFO  [org.jboss.as.clustering.infinispan] (ServerService Thread Pool -- 58) WFLYCLINF0002: Started keys cache from keycloak container
2020-03-22 10:22:31,743 INFO  [org.jboss.as.clustering.infinispan] (ServerService Thread Pool -- 62) WFLYCLINF0002: Started authorization cache from keycloak container
2020-03-22 10:22:31,744 INFO  [org.jboss.as.clustering.infinispan] (ServerService Thread Pool -- 64) WFLYCLINF0002: Started actionTokens cache from keycloak container
2020-03-22 10:22:31,744 INFO  [org.jboss.as.clustering.infinispan] (ServerService Thread Pool -- 61) WFLYCLINF0002: Started sessions cache from keycloak container
2020-03-22 10:22:31,744 INFO  [org.jboss.as.clustering.infinispan] (ServerService Thread Pool -- 59) WFLYCLINF0002: Started work cache from keycloak container
2020-03-22 10:22:31,744 INFO  [org.jboss.as.clustering.infinispan] (ServerService Thread Pool -- 56) WFLYCLINF0002: Started offlineSessions cache from keycloak container
2020-03-22 10:22:31,745 INFO  [org.jboss.as.clustering.infinispan] (ServerService Thread Pool -- 57) WFLYCLINF0002: Started users cache from keycloak container
2020-03-22 10:22:31,745 INFO  [org.jboss.as.clustering.infinispan] (ServerService Thread Pool -- 60) WFLYCLINF0002: Started clientSessions cache from keycloak container
2020-03-22 10:22:31,746 INFO  [org.jboss.as.clustering.infinispan] (ServerService Thread Pool -- 66) WFLYCLINF0002: Started authenticationSessions cache from keycloak container
2020-03-22 10:22:31,942 INFO  [org.jboss.as.clustering.infinispan] (ServerService Thread Pool -- 68) WFLYCLINF0002: Started client-mappings cache from ejb container
2020-03-22 10:22:31,953 WARN  [org.jboss.as.server.deployment] (MSC service thread 1-2) WFLYSRV0273: Excluded subsystem webservices via jboss-deployment-structure.xml does not exist.
2020-03-22 10:22:32,850 INFO  [org.keycloak.services] (ServerService Thread Pool -- 68) KC-SERVICES0001: Loading config from standalone.xml or domain.xml
2020-03-22 10:22:33,196 INFO  [org.keycloak.url.DefaultHostnameProviderFactory] (ServerService Thread Pool -- 68) Frontend: <request>, Admin: <frontend>, Backend: <request>
2020-03-22 10:22:33,419 INFO  [org.jboss.as.clustering.infinispan] (ServerService Thread Pool -- 68) WFLYCLINF0002: Started realmRevisions cache from keycloak container
2020-03-22 10:22:33,426 INFO  [org.jboss.as.clustering.infinispan] (ServerService Thread Pool -- 68) WFLYCLINF0002: Started userRevisions cache from keycloak container
2020-03-22 10:22:33,438 INFO  [org.jboss.as.clustering.infinispan] (ServerService Thread Pool -- 68) WFLYCLINF0002: Started authorizationRevisions cache from keycloak container
2020-03-22 10:22:33,440 INFO  [org.keycloak.connections.infinispan.DefaultInfinispanConnectionProviderFactory] (ServerService Thread Pool -- 68) Node name: jeannory-hp-elitebook-840-g1, Site name: null
2020-03-22 10:22:37,825 INFO  [org.hibernate.jpa.internal.util.LogHelper] (ServerService Thread Pool -- 68) HHH000204: Processing PersistenceUnitInfo [
	name: keycloak-default
	...]
2020-03-22 10:22:37,909 INFO  [org.hibernate.Version] (ServerService Thread Pool -- 68) HHH000412: Hibernate Core {5.3.13.Final}
2020-03-22 10:22:37,911 INFO  [org.hibernate.cfg.Environment] (ServerService Thread Pool -- 68) HHH000206: hibernate.properties not found
2020-03-22 10:22:38,069 INFO  [org.hibernate.annotations.common.Version] (ServerService Thread Pool -- 68) HCANN000001: Hibernate Commons Annotations {5.0.5.Final}
2020-03-22 10:22:38,278 INFO  [org.hibernate.dialect.Dialect] (ServerService Thread Pool -- 68) HHH000400: Using dialect: org.hibernate.dialect.H2Dialect
2020-03-22 10:22:38,286 WARN  [org.hibernate.dialect.H2Dialect] (ServerService Thread Pool -- 68) HHH000431: Unable to determine H2 database version, certain features may not work
2020-03-22 10:22:38,340 INFO  [org.hibernate.envers.boot.internal.EnversServiceImpl] (ServerService Thread Pool -- 68) Envers integration enabled? : true
2020-03-22 10:22:38,929 INFO  [org.hibernate.orm.beans] (ServerService Thread Pool -- 68) HHH10005002: No explicit CDI BeanManager reference was passed to Hibernate, but CDI is available on the Hibernate ClassLoader.
2020-03-22 10:22:39,037 INFO  [org.hibernate.validator.internal.util.Version] (ServerService Thread Pool -- 68) HV000001: Hibernate Validator 6.0.18.Final
2020-03-22 10:22:41,215 INFO  [org.hibernate.hql.internal.QueryTranslatorFactoryInitiator] (ServerService Thread Pool -- 68) HHH000397: Using ASTQueryTranslatorFactory
2020-03-22 10:22:42,643 INFO  [org.jboss.resteasy.resteasy_jaxrs.i18n] (ServerService Thread Pool -- 68) RESTEASY002225: Deploying javax.ws.rs.core.Application: class org.keycloak.services.resources.KeycloakApplication
2020-03-22 10:22:42,644 INFO  [org.jboss.resteasy.resteasy_jaxrs.i18n] (ServerService Thread Pool -- 68) RESTEASY002205: Adding provider class org.keycloak.services.filters.KeycloakTransactionCommitter from Application class org.keycloak.services.resources.KeycloakApplication
2020-03-22 10:22:42,646 INFO  [org.jboss.resteasy.resteasy_jaxrs.i18n] (ServerService Thread Pool -- 68) RESTEASY002200: Adding class resource org.keycloak.services.resources.ThemeResource from Application class org.keycloak.services.resources.KeycloakApplication
2020-03-22 10:22:42,646 INFO  [org.jboss.resteasy.resteasy_jaxrs.i18n] (ServerService Thread Pool -- 68) RESTEASY002200: Adding class resource org.keycloak.services.resources.JsResource from Application class org.keycloak.services.resources.KeycloakApplication
2020-03-22 10:22:42,647 INFO  [org.jboss.resteasy.resteasy_jaxrs.i18n] (ServerService Thread Pool -- 68) RESTEASY002205: Adding provider class org.keycloak.services.error.KeycloakErrorHandler from Application class org.keycloak.services.resources.KeycloakApplication
2020-03-22 10:22:42,647 INFO  [org.jboss.resteasy.resteasy_jaxrs.i18n] (ServerService Thread Pool -- 68) RESTEASY002220: Adding singleton resource org.keycloak.services.resources.RobotsResource from Application class org.keycloak.services.resources.KeycloakApplication
2020-03-22 10:22:42,647 INFO  [org.jboss.resteasy.resteasy_jaxrs.i18n] (ServerService Thread Pool -- 68) RESTEASY002220: Adding singleton resource org.keycloak.services.resources.RealmsResource from Application class org.keycloak.services.resources.KeycloakApplication
2020-03-22 10:22:42,648 INFO  [org.jboss.resteasy.resteasy_jaxrs.i18n] (ServerService Thread Pool -- 68) RESTEASY002220: Adding singleton resource org.keycloak.services.resources.WelcomeResource from Application class org.keycloak.services.resources.KeycloakApplication
2020-03-22 10:22:42,648 INFO  [org.jboss.resteasy.resteasy_jaxrs.i18n] (ServerService Thread Pool -- 68) RESTEASY002220: Adding singleton resource org.keycloak.services.resources.admin.AdminRoot from Application class org.keycloak.services.resources.KeycloakApplication
2020-03-22 10:22:42,648 INFO  [org.jboss.resteasy.resteasy_jaxrs.i18n] (ServerService Thread Pool -- 68) RESTEASY002210: Adding provider singleton org.keycloak.services.util.ObjectMapperResolver from Application class org.keycloak.services.resources.KeycloakApplication
2020-03-22 10:22:42,804 INFO  [org.wildfly.extension.undertow] (ServerService Thread Pool -- 68) WFLYUT0021: Registered web context: '/auth' for server 'default-server'
2020-03-22 10:22:42,999 INFO  [org.jboss.as.server] (ServerService Thread Pool -- 55) WFLYSRV0010: Deployed "keycloak-server.war" (runtime-name : "keycloak-server.war")
2020-03-22 10:22:43,100 INFO  [org.jboss.as.server] (Controller Boot Thread) WFLYSRV0212: Resuming server
2020-03-22 10:22:43,110 INFO  [org.jboss.as] (Controller Boot Thread) WFLYSRV0060: Http management interface listening on http://127.0.0.1:9990/management
2020-03-22 10:22:43,113 INFO  [org.jboss.as] (Controller Boot Thread) WFLYSRV0051: Admin console listening on http://127.0.0.1:9990
2020-03-22 10:22:43,113 INFO  [org.jboss.as] (Controller Boot Thread) WFLYSRV0025: Keycloak 9.0.0 (WildFly Core 10.0.3.Final) started in 17600ms - Started 590 of 885 services (601 services are lazy, passive or on-demand)
2020-03-22 10:25:55,793 INFO  [org.jboss.as.server] (Thread-2) WFLYSRV0272: Suspending server
2020-03-22 10:25:55,798 INFO  [org.jboss.as.ejb3] (Thread-2) WFLYEJB0493: EJB subsystem suspension complete
2020-03-22 10:25:55,799 INFO  [org.jboss.as.server] (Thread-2) WFLYSRV0220: Server shutdown has been requested via an OS signal
2020-03-22 10:25:55,825 INFO  [org.jboss.as.mail.extension] (MSC service thread 1-7) WFLYMAIL0002: Unbound mail session [java:jboss/mail/Default]
2020-03-22 10:25:55,826 INFO  [org.jboss.as.connector.subsystems.datasources] (MSC service thread 1-3) WFLYJCA0010: Unbound data source [java:jboss/datasources/KeycloakDS]
2020-03-22 10:25:55,831 INFO  [org.wildfly.extension.undertow] (MSC service thread 1-4) WFLYUT0008: Undertow HTTPS listener https suspending
2020-03-22 10:25:55,832 INFO  [org.wildfly.extension.undertow] (MSC service thread 1-4) WFLYUT0007: Undertow HTTPS listener https stopped, was bound to 127.0.0.1:8443
2020-03-22 10:25:55,833 INFO  [org.wildfly.extension.undertow] (ServerService Thread Pool -- 68) WFLYUT0022: Unregistered web context: '/auth' from server 'default-server'
2020-03-22 10:25:55,863 INFO  [org.jboss.as.connector.subsystems.datasources] (MSC service thread 1-4) WFLYJCA0010: Unbound data source [java:jboss/datasources/ExampleDS]
2020-03-22 10:25:55,869 INFO  [org.wildfly.extension.undertow] (MSC service thread 1-8) WFLYUT0019: Host default-host stopping
2020-03-22 10:25:55,874 INFO  [org.jboss.as.connector.deployers.jdbc] (MSC service thread 1-1) WFLYJCA0019: Stopped Driver service with driver-name = h2
2020-03-22 10:25:55,877 INFO  [org.jboss.as.clustering.infinispan] (ServerService Thread Pool -- 72) WFLYCLINF0003: Stopped offlineSessions cache from keycloak container
2020-03-22 10:25:55,878 INFO  [org.jboss.as.clustering.infinispan] (ServerService Thread Pool -- 74) WFLYCLINF0003: Stopped keys cache from keycloak container
2020-03-22 10:25:55,879 INFO  [org.jboss.as.clustering.infinispan] (ServerService Thread Pool -- 71) WFLYCLINF0003: Stopped sessions cache from keycloak container
2020-03-22 10:25:55,879 INFO  [org.jboss.as.clustering.infinispan] (ServerService Thread Pool -- 75) WFLYCLINF0003: Stopped actionTokens cache from keycloak container
2020-03-22 10:25:55,888 INFO  [org.jboss.as.clustering.infinispan] (ServerService Thread Pool -- 73) WFLYCLINF0003: Stopped work cache from keycloak container
2020-03-22 10:25:55,888 INFO  [org.jboss.as.clustering.infinispan] (ServerService Thread Pool -- 75) WFLYCLINF0003: Stopped loginFailures cache from keycloak container
2020-03-22 10:25:55,890 INFO  [org.jboss.as.clustering.infinispan] (ServerService Thread Pool -- 79) WFLYCLINF0003: Stopped authorization cache from keycloak container
2020-03-22 10:25:55,893 INFO  [org.jboss.as.clustering.infinispan] (ServerService Thread Pool -- 75) WFLYCLINF0003: Stopped client-mappings cache from ejb container
2020-03-22 10:25:55,895 INFO  [org.jboss.as.clustering.infinispan] (ServerService Thread Pool -- 78) WFLYCLINF0003: Stopped clientSessions cache from keycloak container
2020-03-22 10:25:55,896 INFO  [org.jboss.as.clustering.infinispan] (ServerService Thread Pool -- 80) WFLYCLINF0003: Stopped authenticationSessions cache from keycloak container
2020-03-22 10:25:55,901 INFO  [org.jboss.as.clustering.infinispan] (ServerService Thread Pool -- 77) WFLYCLINF0003: Stopped offlineClientSessions cache from keycloak container
2020-03-22 10:25:55,902 INFO  [org.jboss.as.clustering.infinispan] (ServerService Thread Pool -- 68) WFLYCLINF0003: Stopped users cache from keycloak container
2020-03-22 10:25:55,906 INFO  [org.wildfly.extension.undertow] (MSC service thread 1-2) WFLYUT0008: Undertow HTTP listener default suspending
2020-03-22 10:25:55,908 INFO  [org.wildfly.extension.undertow] (MSC service thread 1-2) WFLYUT0007: Undertow HTTP listener default stopped, was bound to 127.0.0.1:8080
2020-03-22 10:25:55,910 INFO  [org.jboss.as.clustering.infinispan] (ServerService Thread Pool -- 76) WFLYCLINF0003: Stopped realms cache from keycloak container
2020-03-22 10:25:55,914 INFO  [org.wildfly.extension.undertow] (MSC service thread 1-4) WFLYUT0004: Undertow 2.0.27.Final stopping
2020-03-22 10:25:55,924 INFO  [org.jboss.as.server.deployment] (MSC service thread 1-6) WFLYSRV0028: Stopped deployment keycloak-server.war (runtime-name: keycloak-server.war) in 118ms
2020-03-22 10:25:55,948 INFO  [org.jboss.as] (MSC service thread 1-7) WFLYSRV0050: Keycloak 9.0.0 (WildFly Core 10.0.3.Final) stopped in 142ms
